<?xml version="1.0" encoding="UTF-8"?>
<!-- Generated by org.testng.reporters.JUnitXMLReporter -->
<testsuite ignored="0" hostname="DESKTOP-04TU5MJ" failures="1" tests="1" name="chromeTest" time="5.003" errors="0" timestamp="2026-06-15T22:14:13 IST">
  <testcase classname="testCases.LoginTest" name="verifyLogin" time="0.077">
    <failure type="java.lang.NullPointerException" message="Cannot invoke &amp;quot;org.apache.logging.log4j.Logger.info(String)&amp;quot; because &amp;quot;this.logger&amp;quot; is null">
      <![CDATA[java.lang.NullPointerException: Cannot invoke "org.apache.logging.log4j.Logger.info(String)" because "this.logger" is null
at testCases.RegistrationTest.registerUser(RegistrationTest.java:19)
at testCases.LoginTest.verifyLogin(LoginTest.java:21)
at java.base/java.util.ArrayList.forEach(ArrayList.java:1596)
... Removed 25 stack frames]]>
    </failure>
  </testcase> <!-- verifyLogin -->
</testsuite> <!-- chromeTest -->
