<?xml version="1.0" encoding="UTF-8"?>
<testng-results ignored="0" total="1" passed="1" failed="0" skipped="0">
  <reporter-output>
  </reporter-output>
  <suite started-at="2026-06-24T11:17:41 IST" name="Suite" finished-at="2026-06-24T11:17:59 IST" duration-ms="18086">
    <groups>
      <group name="Regression">
        <method signature="LoginTest.verify_login()[pri:0, instance:testCases.LoginTest@363a52f]" name="verify_login" class="testCases.LoginTest"/>
      </group> <!-- Regression -->
    </groups>
    <test started-at="2026-06-24T11:17:41 IST" name="Test" finished-at="2026-06-24T11:17:59 IST" duration-ms="18086">
      <class name="testCases.LoginTest">
        <test-method is-config="true" signature="setup(java.lang.String)[pri:0, instance:testCases.LoginTest@363a52f]" started-at="2026-06-24T11:17:41 IST" name="setup" finished-at="2026-06-24T11:17:54 IST" duration-ms="12719" status="PASS">
          <params>
            <param index="0">
              <value>
                <![CDATA[edge]]>
              </value>
            </param>
          </params>
          <reporter-output>
          </reporter-output>
        </test-method> <!-- setup -->
        <test-method signature="verify_login()[pri:0, instance:testCases.LoginTest@363a52f]" started-at="2026-06-24T11:17:54 IST" name="verify_login" finished-at="2026-06-24T11:17:58 IST" duration-ms="4749" status="PASS">
          <reporter-output>
          </reporter-output>
        </test-method> <!-- verify_login -->
        <test-method is-config="true" signature="tearDown()[pri:0, instance:testCases.LoginTest@363a52f]" started-at="2026-06-24T11:17:58 IST" name="tearDown" finished-at="2026-06-24T11:17:59 IST" duration-ms="532" status="PASS">
          <reporter-output>
          </reporter-output>
        </test-method> <!-- tearDown -->
      </class> <!-- testCases.LoginTest -->
    </test> <!-- Test -->
  </suite> <!-- Suite -->
</testng-results>
