<?xml version="1.0" encoding="UTF-8"?>
<!-- Generated by org.testng.reporters.JUnitReportReporter -->
<testsuite hostname="DESKTOP-04TU5MJ" failures="0" tests="5" name="testCases.LoginDataDrivenTest" time="30.635" errors="0" timestamp="2026-06-17T10:51:03 IST" skipped="0">
  <testcase classname="testCases.LoginDataDrivenTest" name="verify_loginDDT" time="7.019"/>
  <testcase classname="testCases.LoginDataDrivenTest" name="verify_loginDDT" time="6.748"/>
  <testcase classname="testCases.LoginDataDrivenTest" name="verify_loginDDT" time="6.892"/>
  <testcase classname="testCases.LoginDataDrivenTest" name="verify_loginDDT" time="7.730"/>
  <testcase classname="testCases.LoginDataDrivenTest" name="verify_loginDDT" time="2.246"/>
</testsuite> <!-- testCases.LoginDataDrivenTest -->
